[2026-05-03 17:23:41] === Second Brain Health Monitor Started ===
[2026-05-03 17:23:41] Heartbeat is recent
[2026-05-03 17:23:41] Memory is recent
[2026-05-03 17:23:41] Vault structure is intact
[2026-05-03 17:23:41] Not sending daily status report (not 09:05)
[2026-05-03 17:23:41] === Second Brain Health Monitor Completed ===
[2026-05-03 17:24:42] === Second Brain Health Monitor Started ===
[2026-05-03 17:24:42] Heartbeat is recent
[2026-05-03 17:24:42] Memory is recent
[2026-05-03 17:24:42] Missing vault directory: 04_People
[2026-05-03 17:24:42] Sending alert - issues detected: 2
[2026-05-03 17:24:42] Attempting to send Telegram message (length: 151)
[2026-05-03 17:24:43] Telegram message sent successfully
[2026-05-03 17:24:43] === Second Brain Health Monitor Completed ===
[2026-05-03 17:25:05] === Second Brain Health Monitor Started ===
[2026-05-03 17:25:05] Heartbeat is recent
[2026-05-03 17:25:05] Memory is recent
[2026-05-03 17:25:05] Vault structure is intact
[2026-05-03 17:25:05] Not sending daily status report (not 09:05)
[2026-05-03 17:25:05] === Second Brain Health Monitor Completed ===
[2026-05-03 17:30:01] === Second Brain Health Monitor Started ===
[2026-05-03 17:30:01] Heartbeat is recent
[2026-05-03 17:30:01] Memory is recent
[2026-05-03 17:30:01] Vault structure is intact
[2026-05-03 17:30:01] Not sending daily status report (not 09:05)
[2026-05-03 17:30:01] === Second Brain Health Monitor Completed ===
[2026-05-03 17:45:01] === Second Brain Health Monitor Started ===
[2026-05-03 17:45:01] Heartbeat is recent
[2026-05-03 17:45:01] Memory is recent
[2026-05-03 17:45:01] Vault structure is intact
[2026-05-03 17:45:01] Not sending daily status report (not 09:05)
[2026-05-03 17:45:01] === Second Brain Health Monitor Completed ===
[2026-05-03 18:00:01] === Second Brain Health Monitor Started ===
[2026-05-03 18:00:01] === Second Brain Health Monitor Started ===
[2026-05-03 18:00:01] Heartbeat is recent
[2026-05-03 18:00:01] Heartbeat is recent
[2026-05-03 18:00:01] Memory is recent
[2026-05-03 18:00:01] Memory is recent
[2026-05-03 18:00:02] Vault structure is intact
[2026-05-03 18:00:02] Vault structure is intact
[2026-05-03 18:00:02] Not sending daily status report (not 09:05)
[2026-05-03 18:00:02] Not sending daily status report (not 09:05)
[2026-05-03 18:00:02] === Second Brain Health Monitor Completed ===
[2026-05-03 18:00:02] === Second Brain Health Monitor Completed ===
[2026-05-03 18:15:01] === Second Brain Health Monitor Started ===
[2026-05-03 18:15:01] Heartbeat is recent
[2026-05-03 18:15:01] Memory is recent
[2026-05-03 18:15:01] Vault structure is intact
[2026-05-03 18:15:01] Not sending daily status report (not 09:05)
[2026-05-03 18:15:01] === Second Brain Health Monitor Completed ===
[2026-05-03 18:30:01] === Second Brain Health Monitor Started ===
[2026-05-03 18:30:01] Heartbeat is recent
[2026-05-03 18:30:01] Memory is recent
[2026-05-03 18:30:01] Vault structure is intact
[2026-05-03 18:30:01] Not sending daily status report (not 09:05)
[2026-05-03 18:30:01] === Second Brain Health Monitor Completed ===
[2026-05-03 18:45:01] === Second Brain Health Monitor Started ===
[2026-05-03 18:45:01] Heartbeat is recent
[2026-05-03 18:45:01] Memory is recent
[2026-05-03 18:45:01] Vault structure is intact
[2026-05-03 18:45:01] Not sending daily status report (not 09:05)
[2026-05-03 18:45:01] === Second Brain Health Monitor Completed ===
[2026-05-03 19:00:01] === Second Brain Health Monitor Started ===
[2026-05-03 19:00:01] === Second Brain Health Monitor Started ===
[2026-05-03 19:00:01] Heartbeat is recent
[2026-05-03 19:00:01] Heartbeat is recent
[2026-05-03 19:00:01] Memory is recent
[2026-05-03 19:00:01] Memory is recent
[2026-05-03 19:00:01] Vault structure is intact
[2026-05-03 19:00:01] Vault structure is intact
[2026-05-03 19:00:01] Not sending daily status report (not 09:05)
[2026-05-03 19:00:01] Not sending daily status report (not 09:05)
[2026-05-03 19:00:01] === Second Brain Health Monitor Completed ===
[2026-05-03 19:00:01] === Second Brain Health Monitor Completed ===
[2026-05-03 19:15:01] === Second Brain Health Monitor Started ===
[2026-05-03 19:15:01] Heartbeat is recent
[2026-05-03 19:15:01] Memory is recent
[2026-05-03 19:15:01] Vault structure is intact
[2026-05-03 19:15:01] Not sending daily status report (not 09:05)
[2026-05-03 19:15:01] === Second Brain Health Monitor Completed ===
[2026-05-03 19:30:01] === Second Brain Health Monitor Started ===
[2026-05-03 19:30:01] Heartbeat is recent
[2026-05-03 19:30:01] Memory is recent
[2026-05-03 19:30:01] Vault structure is intact
[2026-05-03 19:30:01] Not sending daily status report (not 09:05)
[2026-05-03 19:30:01] === Second Brain Health Monitor Completed ===
[2026-05-03 19:45:01] === Second Brain Health Monitor Started ===
[2026-05-03 19:45:01] Heartbeat is recent
[2026-05-03 19:45:01] Memory is recent
[2026-05-03 19:45:01] Vault structure is intact
[2026-05-03 19:45:01] Not sending daily status report (not 09:05)
[2026-05-03 19:45:01] === Second Brain Health Monitor Completed ===
[2026-05-03 20:00:01] === Second Brain Health Monitor Started ===
[2026-05-03 20:00:01] === Second Brain Health Monitor Started ===
[2026-05-03 20:00:01] Heartbeat is recent
[2026-05-03 20:00:01] Heartbeat is recent
[2026-05-03 20:00:01] Memory is recent
[2026-05-03 20:00:01] Memory is recent
[2026-05-03 20:00:01] Vault structure is intact
[2026-05-03 20:00:01] Vault structure is intact
[2026-05-03 20:00:01] Not sending daily status report (not 09:05)
[2026-05-03 20:00:01] === Second Brain Health Monitor Completed ===
[2026-05-03 20:00:01] Not sending daily status report (not 09:05)
[2026-05-03 20:00:01] === Second Brain Health Monitor Completed ===
[2026-05-03 20:15:01] === Second Brain Health Monitor Started ===
[2026-05-03 20:15:01] Heartbeat is recent
[2026-05-03 20:15:01] Memory is recent
[2026-05-03 20:15:01] Vault structure is intact
[2026-05-03 20:15:01] Not sending daily status report (not 09:05)
[2026-05-03 20:15:01] === Second Brain Health Monitor Completed ===
[2026-05-03 20:30:01] === Second Brain Health Monitor Started ===
[2026-05-03 20:30:01] Heartbeat is recent
[2026-05-03 20:30:01] Memory is recent
[2026-05-03 20:30:01] Vault structure is intact
[2026-05-03 20:30:01] Not sending daily status report (not 09:05)
[2026-05-03 20:30:01] === Second Brain Health Monitor Completed ===
[2026-05-03 20:45:01] === Second Brain Health Monitor Started ===
[2026-05-03 20:45:01] Heartbeat is recent
[2026-05-03 20:45:01] Memory is recent
[2026-05-03 20:45:01] Vault structure is intact
[2026-05-03 20:45:01] Not sending daily status report (not 09:05)
[2026-05-03 20:45:01] === Second Brain Health Monitor Completed ===
[2026-05-03 21:00:01] === Second Brain Health Monitor Started ===
[2026-05-03 21:00:01] === Second Brain Health Monitor Started ===
[2026-05-03 21:00:01] Heartbeat is recent
[2026-05-03 21:00:01] Heartbeat is recent
[2026-05-03 21:00:01] Memory is recent
[2026-05-03 21:00:01] Memory is recent
[2026-05-03 21:00:01] Vault structure is intact
[2026-05-03 21:00:01] Vault structure is intact
[2026-05-03 21:00:01] Not sending daily status report (not 09:05)
[2026-05-03 21:00:01] Not sending daily status report (not 09:05)
[2026-05-03 21:00:01] === Second Brain Health Monitor Completed ===
[2026-05-03 21:00:01] === Second Brain Health Monitor Completed ===
[2026-05-03 21:15:01] === Second Brain Health Monitor Started ===
[2026-05-03 21:15:01] Heartbeat is recent
[2026-05-03 21:15:01] Memory is recent
[2026-05-03 21:15:01] Vault structure is intact
[2026-05-03 21:15:01] Not sending daily status report (not 09:05)
[2026-05-03 21:15:01] === Second Brain Health Monitor Completed ===
[2026-05-03 21:30:01] === Second Brain Health Monitor Started ===
[2026-05-03 21:30:01] Heartbeat is recent
[2026-05-03 21:30:01] Memory is recent
[2026-05-03 21:30:01] Vault structure is intact
[2026-05-03 21:30:01] Not sending daily status report (not 09:05)
[2026-05-03 21:30:01] === Second Brain Health Monitor Completed ===
[2026-05-03 21:45:01] === Second Brain Health Monitor Started ===
[2026-05-03 21:45:01] Heartbeat is recent
[2026-05-03 21:45:01] Memory is recent
[2026-05-03 21:45:01] Vault structure is intact
[2026-05-03 21:45:01] Not sending daily status report (not 09:05)
[2026-05-03 21:45:01] === Second Brain Health Monitor Completed ===
[2026-05-03 22:00:01] === Second Brain Health Monitor Started ===
[2026-05-03 22:00:01] === Second Brain Health Monitor Started ===
[2026-05-03 22:00:01] Heartbeat is recent
[2026-05-03 22:00:01] Heartbeat is recent
[2026-05-03 22:00:01] Memory is recent
[2026-05-03 22:00:01] Memory is recent
[2026-05-03 22:00:01] Vault structure is intact
[2026-05-03 22:00:01] Vault structure is intact
[2026-05-03 22:00:01] Not sending daily status report (not 09:05)
[2026-05-03 22:00:01] === Second Brain Health Monitor Completed ===
[2026-05-03 22:00:01] Not sending daily status report (not 09:05)
[2026-05-03 22:00:01] === Second Brain Health Monitor Completed ===
[2026-05-03 22:15:01] === Second Brain Health Monitor Started ===
[2026-05-03 22:15:01] Heartbeat is recent
[2026-05-03 22:15:01] Memory is recent
[2026-05-03 22:15:01] Vault structure is intact
[2026-05-03 22:15:01] Not sending daily status report (not 09:05)
[2026-05-03 22:15:01] === Second Brain Health Monitor Completed ===
[2026-05-03 22:30:01] === Second Brain Health Monitor Started ===
[2026-05-03 22:30:01] Heartbeat is recent
[2026-05-03 22:30:01] Memory is recent
[2026-05-03 22:30:02] Vault structure is intact
[2026-05-03 22:30:02] Not sending daily status report (not 09:05)
[2026-05-03 22:30:02] === Second Brain Health Monitor Completed ===
[2026-05-03 22:45:01] === Second Brain Health Monitor Started ===
[2026-05-03 22:45:01] Heartbeat is recent
[2026-05-03 22:45:01] Memory is recent
[2026-05-03 22:45:01] Vault structure is intact
[2026-05-03 22:45:01] Not sending daily status report (not 09:05)
[2026-05-03 22:45:01] === Second Brain Health Monitor Completed ===
[2026-05-03 23:00:01] === Second Brain Health Monitor Started ===
[2026-05-03 23:00:01] === Second Brain Health Monitor Started ===
[2026-05-03 23:00:01] Heartbeat is recent
[2026-05-03 23:00:01] Heartbeat is recent
[2026-05-03 23:00:01] Memory is recent
[2026-05-03 23:00:01] Memory is recent
[2026-05-03 23:00:01] Vault structure is intact
[2026-05-03 23:00:01] Vault structure is intact
[2026-05-03 23:00:01] Not sending daily status report (not 09:05)
[2026-05-03 23:00:01] Not sending daily status report (not 09:05)
[2026-05-03 23:00:01] === Second Brain Health Monitor Completed ===
[2026-05-03 23:00:01] === Second Brain Health Monitor Completed ===
[2026-05-03 23:15:01] === Second Brain Health Monitor Started ===
[2026-05-03 23:15:01] Heartbeat is recent
[2026-05-03 23:15:01] Memory is recent
[2026-05-03 23:15:01] Vault structure is intact
[2026-05-03 23:15:01] Not sending daily status report (not 09:05)
[2026-05-03 23:15:01] === Second Brain Health Monitor Completed ===
[2026-05-03 23:30:01] === Second Brain Health Monitor Started ===
[2026-05-03 23:30:01] Heartbeat is recent
[2026-05-03 23:30:01] Memory is recent
[2026-05-03 23:30:01] Vault structure is intact
[2026-05-03 23:30:01] Not sending daily status report (not 09:05)
[2026-05-03 23:30:01] === Second Brain Health Monitor Completed ===
[2026-05-03 23:45:01] === Second Brain Health Monitor Started ===
[2026-05-03 23:45:01] Heartbeat is recent
[2026-05-03 23:45:01] Memory is recent
[2026-05-03 23:45:01] Vault structure is intact
[2026-05-03 23:45:01] Not sending daily status report (not 09:05)
[2026-05-03 23:45:01] === Second Brain Health Monitor Completed ===
[2026-05-04 00:00:01] === Second Brain Health Monitor Started ===
[2026-05-04 00:00:01] === Second Brain Health Monitor Started ===
[2026-05-04 00:00:01] Heartbeat is recent
[2026-05-04 00:00:01] Heartbeat is recent
[2026-05-04 00:00:01] Memory is recent
[2026-05-04 00:00:01] Memory is recent
[2026-05-04 00:00:01] Vault structure is intact
[2026-05-04 00:00:01] Not sending daily status report (not 09:05)
[2026-05-04 00:00:01] Vault structure is intact
[2026-05-04 00:00:01] === Second Brain Health Monitor Completed ===
[2026-05-04 00:00:01] Not sending daily status report (not 09:05)
[2026-05-04 00:00:01] === Second Brain Health Monitor Completed ===
[2026-05-04 00:15:01] === Second Brain Health Monitor Started ===
[2026-05-04 00:15:01] Heartbeat is recent
[2026-05-04 00:15:01] Memory is recent
[2026-05-04 00:15:01] Vault structure is intact
[2026-05-04 00:15:01] Not sending daily status report (not 09:05)
[2026-05-04 00:15:01] === Second Brain Health Monitor Completed ===
